-------------------------------------------------------------------------------
Test set: com.gtuc.troskyMate.AbstractTest
-------------------------------------------------------------------------------
Tests run: 1, Failures: 0, Errors: 1, Skipped: 0, Time elapsed: 0.001 s <<< FAILURE! - in com.gtuc.troskyMate.AbstractTest
initializationError(com.gtuc.troskyMate.AbstractTest)  Time elapsed: 0.001 s  <<< ERROR!
java.lang.Exception: No runnable methods

